[2017-10-04 21:44:32]: ----- Start Liso Server ----- 
[2017-10-04 21:44:32]: Server socket successfully created.
[2017-10-04 21:44:32]: Failed binding socket.
[2017-10-04 21:56:41]: ----- Start Liso Server ----- 
[2017-10-04 21:56:41]: Server socket successfully created.
[2017-10-04 21:56:41]: Failed binding socket.
[2017-10-04 21:56:44]: ----- Start Liso Server ----- 
[2017-10-04 21:56:44]: Server socket successfully created.
[2017-10-04 21:56:49]: Sent response!
[2017-10-04 21:56:52]: selectserver: socket %d hung up
[2017-10-04 21:56:59]: Sent response!
[2017-10-04 21:57:06]: selectserver: socket %d hung up
[2017-10-04 21:57:12]: Sent response!
[2017-10-04 21:57:12]: selectserver: socket %d hung up
[2017-10-04 21:57:50]: Sent response!
[2017-10-04 21:58:07]: ----- Start Liso Server ----- 
[2017-10-04 21:58:07]: Server socket successfully created.
[2017-10-04 21:58:07]: Failed binding socket.
[2017-10-04 22:01:51]: ----- Start Liso Server ----- 
[2017-10-04 22:01:51]: Server socket successfully created.
[2017-10-04 22:01:51]: Failed binding socket.
[2017-10-04 22:01:57]: ----- Start Liso Server ----- 
[2017-10-04 22:01:57]: Server socket successfully created.
[2017-10-04 22:02:04]: Sent response!
[2017-10-04 22:02:04]: selectserver: socket %d hung up
[2017-10-04 22:02:19]: Sent response!
[2017-10-04 22:09:25]: ----- Start Liso Server ----- 
[2017-10-04 22:09:25]: Server socket successfully created.
[2017-10-04 22:09:28]: Sent response!
[2017-10-04 22:09:28]: selectserver: socket %d hung up
[2017-10-04 22:09:37]: Sent response!
[2017-10-04 22:09:37]: selectserver: socket %d hung up
[2017-10-04 22:09:42]: Sent response!
